  pch.cpp
  1945모작.cpp
  Bmp_Manager.cpp
C:\Users\kkth3\OneDrive\문서\GitHub\NetworkGameProject\1945모작\1945모작\1945모작.cpp(49,18): warning C4244: '초기화 중': 'ULONGLONG'에서 'DWORD'(으)로 변환하면서 데이터가 손실될 수 있습니다.
  (소스 파일 '/1945모작.cpp'을(를) 컴파일하는 중)
  
C:\Users\kkth3\OneDrive\문서\GitHub\NetworkGameProject\1945모작\1945모작\1945모작.cpp(58,36): warning C4244: '=': 'ULONGLONG'에서 'DWORD'(으)로 변환하면서 데이터가 손실될 수 있습니다.
  (소스 파일 '/1945모작.cpp'을(를) 컴파일하는 중)
  
C:\Users\kkth3\OneDrive\문서\GitHub\NetworkGameProject\1945모작\1945모작\1945모작.cpp(77,42): warning C4244: '=': 'ULONGLONG'에서 'int'(으)로 변환하면서 데이터가 손실될 수 있습니다.
  (소스 파일 '/1945모작.cpp'을(를) 컴파일하는 중)
  
  Boss.cpp
C:\Users\kkth3\OneDrive\문서\GitHub\NetworkGameProject\1945모작\1945모작\GameObject.h(39,35): warning C4244: '=': 'ULONGLONG'에서 'DWORD'(으)로 변환하면서 데이터가 손실될 수 있습니다.
  (소스 파일 '/Boss.cpp'을(를) 컴파일하는 중)
  
C:\Users\kkth3\OneDrive\문서\GitHub\NetworkGameProject\1945모작\1945모작\Boss.cpp(113,10): warning C4244: '인수': 'float'에서 'int'(으)로 변환하면서 데이터가 손실될 수 있습니다.
  (소스 파일 '/Boss.cpp'을(를) 컴파일하는 중)
  
C:\Users\kkth3\OneDrive\문서\GitHub\NetworkGameProject\1945모작\1945모작\Boss.cpp(112,10): warning C4244: '인수': 'float'에서 'int'(으)로 변환하면서 데이터가 손실될 수 있습니다.
  (소스 파일 '/Boss.cpp'을(를) 컴파일하는 중)
  
C:\Users\kkth3\OneDrive\문서\GitHub\NetworkGameProject\1945모작\1945모작\Boss.cpp(106,19): warning C4244: '인수': 'float'에서 'int'(으)로 변환하면서 데이터가 손실될 수 있습니다.
  (소스 파일 '/Boss.cpp'을(를) 컴파일하는 중)
  
C:\Users\kkth3\OneDrive\문서\GitHub\NetworkGameProject\1945모작\1945모작\Boss.cpp(105,19): warning C4244: '인수': 'float'에서 'int'(으)로 변환하면서 데이터가 손실될 수 있습니다.
  (소스 파일 '/Boss.cpp'을(를) 컴파일하는 중)
  
  Boss_Bullet.cpp
C:\Users\kkth3\OneDrive\문서\GitHub\NetworkGameProject\1945모작\1945모작\GameObject.h(39,35): warning C4244: '=': 'ULONGLONG'에서 'DWORD'(으)로 변환하면서 데이터가 손실될 수 있습니다.
  (소스 파일 '/Boss_Bullet.cpp'을(를) 컴파일하는 중)
  
C:\Users\kkth3\OneDrive\문서\GitHub\NetworkGameProject\1945모작\1945모작\Boss_Bullet.cpp(28,35): warning C4244: '=': 'ULONGLONG'에서 'DWORD'(으)로 변환하면서 데이터가 손실될 수 있습니다.
  (소스 파일 '/Boss_Bullet.cpp'을(를) 컴파일하는 중)
  
C:\Users\kkth3\OneDrive\문서\GitHub\NetworkGameProject\1945모작\1945모작\Boss_Bullet.cpp(39,35): warning C4244: '=': 'ULONGLONG'에서 'DWORD'(으)로 변환하면서 데이터가 손실될 수 있습니다.
  (소스 파일 '/Boss_Bullet.cpp'을(를) 컴파일하는 중)
  
C:\Users\kkth3\OneDrive\문서\GitHub\NetworkGameProject\1945모작\1945모작\Boss_Bullet.cpp(75,19): warning C4244: '인수': 'float'에서 'int'(으)로 변환하면서 데이터가 손실될 수 있습니다.
  (소스 파일 '/Boss_Bullet.cpp'을(를) 컴파일하는 중)
  
C:\Users\kkth3\OneDrive\문서\GitHub\NetworkGameProject\1945모작\1945모작\Boss_Bullet.cpp(74,19): warning C4244: '인수': 'float'에서 'int'(으)로 변환하면서 데이터가 손실될 수 있습니다.
  (소스 파일 '/Boss_Bullet.cpp'을(를) 컴파일하는 중)
  
  Boss_Gun.cpp
C:\Users\kkth3\OneDrive\문서\GitHub\NetworkGameProject\1945모작\1945모작\GameObject.h(39,35): warning C4244: '=': 'ULONGLONG'에서 'DWORD'(으)로 변환하면서 데이터가 손실될 수 있습니다.
  (소스 파일 '/Boss_Gun.cpp'을(를) 컴파일하는 중)
  
C:\Users\kkth3\OneDrive\문서\GitHub\NetworkGameProject\1945모작\1945모작\Boss_Gun.cpp(30,34): warning C4244: '=': 'ULONGLONG'에서 'DWORD'(으)로 변환하면서 데이터가 손실될 수 있습니다.
  (소스 파일 '/Boss_Gun.cpp'을(를) 컴파일하는 중)
  
C:\Users\kkth3\OneDrive\문서\GitHub\NetworkGameProject\1945모작\1945모작\Boss_Gun.cpp(32,28): warning C4244: '=': 'ULONGLONG'에서 'DWORD'(으)로 변환하면서 데이터가 손실될 수 있습니다.
  (소스 파일 '/Boss_Gun.cpp'을(를) 컴파일하는 중)
  
C:\Users\kkth3\OneDrive\문서\GitHub\NetworkGameProject\1945모작\1945모작\Boss_Gun.cpp(145,10): warning C4244: '인수': 'float'에서 'int'(으)로 변환하면서 데이터가 손실될 수 있습니다.
  (소스 파일 '/Boss_Gun.cpp'을(를) 컴파일하는 중)
  
C:\Users\kkth3\OneDrive\문서\GitHub\NetworkGameProject\1945모작\1945모작\Boss_Gun.cpp(144,10): warning C4244: '인수': 'float'에서 'int'(으)로 변환하면서 데이터가 손실될 수 있습니다.
  (소스 파일 '/Boss_Gun.cpp'을(를) 컴파일하는 중)
  
C:\Users\kkth3\OneDrive\문서\GitHub\NetworkGameProject\1945모작\1945모작\Boss_Gun.cpp(138,19): warning C4244: '인수': 'float'에서 'int'(으)로 변환하면서 데이터가 손실될 수 있습니다.
  (소스 파일 '/Boss_Gun.cpp'을(를) 컴파일하는 중)
  
C:\Users\kkth3\OneDrive\문서\GitHub\NetworkGameProject\1945모작\1945모작\Boss_Gun.cpp(137,19): warning C4244: '인수': 'float'에서 'int'(으)로 변환하면서 데이터가 손실될 수 있습니다.
  (소스 파일 '/Boss_Gun.cpp'을(를) 컴파일하는 중)
  
C:\Users\kkth3\OneDrive\문서\GitHub\NetworkGameProject\1945모작\1945모작\Boss_Gun.cpp(160,34): warning C4244: '=': 'ULONGLONG'에서 'DWORD'(으)로 변환하면서 데이터가 손실될 수 있습니다.
  (소스 파일 '/Boss_Gun.cpp'을(를) 컴파일하는 중)
  
C:\Users\kkth3\OneDrive\문서\GitHub\NetworkGameProject\1945모작\1945모작\Boss_Gun.cpp(172,29): warning C4244: '=': 'ULONGLONG'에서 'DWORD'(으)로 변환하면서 데이터가 손실될 수 있습니다.
  (소스 파일 '/Boss_Gun.cpp'을(를) 컴파일하는 중)
  
  Button.cpp
C:\Users\kkth3\OneDrive\문서\GitHub\NetworkGameProject\1945모작\1945모작\GameObject.h(39,35): warning C4244: '=': 'ULONGLONG'에서 'DWORD'(으)로 변환하면서 데이터가 손실될 수 있습니다.
  (소스 파일 '/Button.cpp'을(를) 컴파일하는 중)
  
  Boss_Posin.cpp
C:\Users\kkth3\OneDrive\문서\GitHub\NetworkGameProject\1945모작\1945모작\GameObject.h(39,35): warning C4244: '=': 'ULONGLONG'에서 'DWORD'(으)로 변환하면서 데이터가 손실될 수 있습니다.
  (소스 파일 '/Boss_Posin.cpp'을(를) 컴파일하는 중)
  
C:\Users\kkth3\OneDrive\문서\GitHub\NetworkGameProject\1945모작\1945모작\Boss_Posin.cpp(27,28): warning C4244: '=': 'ULONGLONG'에서 'DWORD'(으)로 변환하면서 데이터가 손실될 수 있습니다.
  (소스 파일 '/Boss_Posin.cpp'을(를) 컴파일하는 중)
  
C:\Users\kkth3\OneDrive\문서\GitHub\NetworkGameProject\1945모작\1945모작\Boss_Posin.cpp(155,10): warning C4244: '인수': 'float'에서 'int'(으)로 변환하면서 데이터가 손실될 수 있습니다.
  (소스 파일 '/Boss_Posin.cpp'을(를) 컴파일하는 중)
  
C:\Users\kkth3\OneDrive\문서\GitHub\NetworkGameProject\1945모작\1945모작\Boss_Posin.cpp(154,10): warning C4244: '인수': 'float'에서 'int'(으)로 변환하면서 데이터가 손실될 수 있습니다.
  (소스 파일 '/Boss_Posin.cpp'을(를) 컴파일하는 중)
  
C:\Users\kkth3\OneDrive\문서\GitHub\NetworkGameProject\1945모작\1945모작\Boss_Posin.cpp(148,19): warning C4244: '인수': 'float'에서 'int'(으)로 변환하면서 데이터가 손실될 수 있습니다.
  (소스 파일 '/Boss_Posin.cpp'을(를) 컴파일하는 중)
  
C:\Users\kkth3\OneDrive\문서\GitHub\NetworkGameProject\1945모작\1945모작\Boss_Posin.cpp(147,19): warning C4244: '인수': 'float'에서 'int'(으)로 변환하면서 데이터가 손실될 수 있습니다.
  (소스 파일 '/Boss_Posin.cpp'을(를) 컴파일하는 중)
  
C:\Users\kkth3\OneDrive\문서\GitHub\NetworkGameProject\1945모작\1945모작\Boss_Posin.cpp(223,29): warning C4244: '=': 'ULONGLONG'에서 'DWORD'(으)로 변환하면서 데이터가 손실될 수 있습니다.
  (소스 파일 '/Boss_Posin.cpp'을(를) 컴파일하는 중)
  
  Collision_Manager.cpp
C:\Users\kkth3\OneDrive\문서\GitHub\NetworkGameProject\1945모작\1945모작\GameObject.h(39,35): warning C4244: '=': 'ULONGLONG'에서 'DWORD'(으)로 변환하면서 데이터가 손실될 수 있습니다.
  (소스 파일 '/Collision_Manager.cpp'을(를) 컴파일하는 중)
  
  Enemy_1.cpp
C:\Users\kkth3\OneDrive\문서\GitHub\NetworkGameProject\1945모작\1945모작\GameObject.h(39,35): warning C4244: '=': 'ULONGLONG'에서 'DWORD'(으)로 변환하면서 데이터가 손실될 수 있습니다.
  (소스 파일 '/Enemy_1.cpp'을(를) 컴파일하는 중)
  
C:\Users\kkth3\OneDrive\문서\GitHub\NetworkGameProject\1945모작\1945모작\Enemy_1.cpp(30,32): warning C4244: '=': 'ULONGLONG'에서 'DWORD'(으)로 변환하면서 데이터가 손실될 수 있습니다.
  (소스 파일 '/Enemy_1.cpp'을(를) 컴파일하는 중)
  
C:\Users\kkth3\OneDrive\문서\GitHub\NetworkGameProject\1945모작\1945모작\Enemy_1.cpp(56,33): warning C4244: '=': 'ULONGLONG'에서 'DWORD'(으)로 변환하면서 데이터가 손실될 수 있습니다.
  (소스 파일 '/Enemy_1.cpp'을(를) 컴파일하는 중)
  
C:\Users\kkth3\OneDrive\문서\GitHub\NetworkGameProject\1945모작\1945모작\Enemy_1.cpp(100,10): warning C4244: '인수': 'float'에서 'int'(으)로 변환하면서 데이터가 손실될 수 있습니다.
  (소스 파일 '/Enemy_1.cpp'을(를) 컴파일하는 중)
  
C:\Users\kkth3\OneDrive\문서\GitHub\NetworkGameProject\1945모작\1945모작\Enemy_1.cpp(99,10): warning C4244: '인수': 'float'에서 'int'(으)로 변환하면서 데이터가 손실될 수 있습니다.
  (소스 파일 '/Enemy_1.cpp'을(를) 컴파일하는 중)
  
C:\Users\kkth3\OneDrive\문서\GitHub\NetworkGameProject\1945모작\1945모작\Enemy_1.cpp(93,19): warning C4244: '인수': 'float'에서 'int'(으)로 변환하면서 데이터가 손실될 수 있습니다.
  (소스 파일 '/Enemy_1.cpp'을(를) 컴파일하는 중)
  
C:\Users\kkth3\OneDrive\문서\GitHub\NetworkGameProject\1945모작\1945모작\Enemy_1.cpp(92,19): warning C4244: '인수': 'float'에서 'int'(으)로 변환하면서 데이터가 손실될 수 있습니다.
  (소스 파일 '/Enemy_1.cpp'을(를) 컴파일하는 중)
  
  Enemy_2.cpp
C:\Users\kkth3\OneDrive\문서\GitHub\NetworkGameProject\1945모작\1945모작\GameObject.h(39,35): warning C4244: '=': 'ULONGLONG'에서 'DWORD'(으)로 변환하면서 데이터가 손실될 수 있습니다.
  (소스 파일 '/Enemy_2.cpp'을(를) 컴파일하는 중)
  
C:\Users\kkth3\OneDrive\문서\GitHub\NetworkGameProject\1945모작\1945모작\Enemy_2.cpp(30,32): warning C4244: '=': 'ULONGLONG'에서 'DWORD'(으)로 변환하면서 데이터가 손실될 수 있습니다.
  (소스 파일 '/Enemy_2.cpp'을(를) 컴파일하는 중)
  
C:\Users\kkth3\OneDrive\문서\GitHub\NetworkGameProject\1945모작\1945모작\Enemy_2.cpp(35,31): warning C4244: '=': 'ULONGLONG'에서 'DWORD'(으)로 변환하면서 데이터가 손실될 수 있습니다.
  (소스 파일 '/Enemy_2.cpp'을(를) 컴파일하는 중)
  
C:\Users\kkth3\OneDrive\문서\GitHub\NetworkGameProject\1945모작\1945모작\Enemy_2.cpp(57,33): warning C4244: '=': 'ULONGLONG'에서 'DWORD'(으)로 변환하면서 데이터가 손실될 수 있습니다.
  (소스 파일 '/Enemy_2.cpp'을(를) 컴파일하는 중)
  
C:\Users\kkth3\OneDrive\문서\GitHub\NetworkGameProject\1945모작\1945모작\Enemy_2.cpp(62,32): warning C4244: '=': 'ULONGLONG'에서 'DWORD'(으)로 변환하면서 데이터가 손실될 수 있습니다.
  (소스 파일 '/Enemy_2.cpp'을(를) 컴파일하는 중)
  
C:\Users\kkth3\OneDrive\문서\GitHub\NetworkGameProject\1945모작\1945모작\Enemy_2.cpp(102,10): warning C4244: '인수': 'float'에서 'int'(으)로 변환하면서 데이터가 손실될 수 있습니다.
  (소스 파일 '/Enemy_2.cpp'을(를) 컴파일하는 중)
  
C:\Users\kkth3\OneDrive\문서\GitHub\NetworkGameProject\1945모작\1945모작\Enemy_2.cpp(101,10): warning C4244: '인수': 'float'에서 'int'(으)로 변환하면서 데이터가 손실될 수 있습니다.
  (소스 파일 '/Enemy_2.cpp'을(를) 컴파일하는 중)
  
C:\Users\kkth3\OneDrive\문서\GitHub\NetworkGameProject\1945모작\1945모작\Enemy_2.cpp(95,19): warning C4244: '인수': 'float'에서 'int'(으)로 변환하면서 데이터가 손실될 수 있습니다.
  (소스 파일 '/Enemy_2.cpp'을(를) 컴파일하는 중)
  
C:\Users\kkth3\OneDrive\문서\GitHub\NetworkGameProject\1945모작\1945모작\Enemy_2.cpp(94,19): warning C4244: '인수': 'float'에서 'int'(으)로 변환하면서 데이터가 손실될 수 있습니다.
  (소스 파일 '/Enemy_2.cpp'을(를) 컴파일하는 중)
  
  Enemy_Bullet.cpp
C:\Users\kkth3\OneDrive\문서\GitHub\NetworkGameProject\1945모작\1945모작\GameObject.h(39,35): warning C4244: '=': 'ULONGLONG'에서 'DWORD'(으)로 변환하면서 데이터가 손실될 수 있습니다.
  (소스 파일 '/Enemy_Bullet.cpp'을(를) 컴파일하는 중)
  
C:\Users\kkth3\OneDrive\문서\GitHub\NetworkGameProject\1945모작\1945모작\Enemy_Bullet.cpp(55,19): warning C4244: '+=': 'float'에서 'int'(으)로 변환하면서 데이터가 손실될 수 있습니다.
  (소스 파일 '/Enemy_Bullet.cpp'을(를) 컴파일하는 중)
  
C:\Users\kkth3\OneDrive\문서\GitHub\NetworkGameProject\1945모작\1945모작\Enemy_Bullet.cpp(61,19): warning C4244: '+=': 'float'에서 'int'(으)로 변환하면서 데이터가 손실될 수 있습니다.
  (소스 파일 '/Enemy_Bullet.cpp'을(를) 컴파일하는 중)
  
C:\Users\kkth3\OneDrive\문서\GitHub\NetworkGameProject\1945모작\1945모작\Enemy_Bullet.cpp(68,19): warning C4244: '+=': 'float'에서 'int'(으)로 변환하면서 데이터가 손실될 수 있습니다.
  (소스 파일 '/Enemy_Bullet.cpp'을(를) 컴파일하는 중)
  
C:\Users\kkth3\OneDrive\문서\GitHub\NetworkGameProject\1945모작\1945모작\Enemy_Bullet.cpp(116,34): warning C4244: '=': 'ULONGLONG'에서 'DWORD'(으)로 변환하면서 데이터가 손실될 수 있습니다.
  (소스 파일 '/Enemy_Bullet.cpp'을(를) 컴파일하는 중)
  
  Explosion_Object.cpp
C:\Users\kkth3\OneDrive\문서\GitHub\NetworkGameProject\1945모작\1945모작\GameObject.h(39,35): warning C4244: '=': 'ULONGLONG'에서 'DWORD'(으)로 변환하면서 데이터가 손실될 수 있습니다.
  (소스 파일 '/Explosion_Object.cpp'을(를) 컴파일하는 중)
  
C:\Users\kkth3\OneDrive\문서\GitHub\NetworkGameProject\1945모작\1945모작\Explosion_Object.cpp(22,34): warning C4244: '=': 'ULONGLONG'에서 'DWORD'(으)로 변환하면서 데이터가 손실될 수 있습니다.
  (소스 파일 '/Explosion_Object.cpp'을(를) 컴파일하는 중)
  
C:\Users\kkth3\OneDrive\문서\GitHub\NetworkGameProject\1945모작\1945모작\Explosion_Object.cpp(57,20): warning C4244: '인수': 'float'에서 'int'(으)로 변환하면서 데이터가 손실될 수 있습니다.
  (소스 파일 '/Explosion_Object.cpp'을(를) 컴파일하는 중)
  
C:\Users\kkth3\OneDrive\문서\GitHub\NetworkGameProject\1945모작\1945모작\Explosion_Object.cpp(56,20): warning C4244: '인수': 'float'에서 'int'(으)로 변환하면서 데이터가 손실될 수 있습니다.
  (소스 파일 '/Explosion_Object.cpp'을(를) 컴파일하는 중)
  
  Key_Manager.cpp
  Level_GamePlay.cpp
C:\Users\kkth3\OneDrive\문서\GitHub\NetworkGameProject\1945모작\1945모작\GameObject.h(39,35): warning C4244: '=': 'ULONGLONG'에서 'DWORD'(으)로 변환하면서 데이터가 손실될 수 있습니다.
  (소스 파일 '/Level_GamePlay.cpp'을(를) 컴파일하는 중)
  
C:\Users\kkth3\OneDrive\문서\GitHub\NetworkGameProject\1945모작\1945모작\Level_GamePlay.cpp(46,30): warning C4244: '=': 'ULONGLONG'에서 'DWORD'(으)로 변환하면서 데이터가 손실될 수 있습니다.
  (소스 파일 '/Level_GamePlay.cpp'을(를) 컴파일하는 중)
  
C:\Users\kkth3\OneDrive\문서\GitHub\NetworkGameProject\1945모작\1945모작\Level_GamePlay.cpp(61,26): warning C4244: '=': 'ULONGLONG'에서 'DWORD'(으)로 변환하면서 데이터가 손실될 수 있습니다.
  (소스 파일 '/Level_GamePlay.cpp'을(를) 컴파일하는 중)
  
C:\Users\kkth3\OneDrive\문서\GitHub\NetworkGameProject\1945모작\1945모작\Level_GamePlay.cpp(76,103): warning C4244: '인수': 'int'에서 'float'(으)로 변환하면서 데이터가 손실될 수 있습니다.
  (소스 파일 '/Level_GamePlay.cpp'을(를) 컴파일하는 중)
  
C:\Users\kkth3\OneDrive\문서\GitHub\NetworkGameProject\1945모작\1945모작\Level_GamePlay.cpp(79,128): warning C4244: '인수': 'int'에서 'float'(으)로 변환하면서 데이터가 손실될 수 있습니다.
  (소스 파일 '/Level_GamePlay.cpp'을(를) 컴파일하는 중)
  
C:\Users\kkth3\OneDrive\문서\GitHub\NetworkGameProject\1945모작\1945모작\Level_GamePlay.cpp(79,109): warning C4244: '인수': 'int'에서 'float'(으)로 변환하면서 데이터가 손실될 수 있습니다.
  (소스 파일 '/Level_GamePlay.cpp'을(를) 컴파일하는 중)
  
  GameObject.cpp
C:\Users\kkth3\OneDrive\문서\GitHub\NetworkGameProject\1945모작\1945모작\GameObject.h(39,35): warning C4244: '=': 'ULONGLONG'에서 'DWORD'(으)로 변환하면서 데이터가 손실될 수 있습니다.
  (소스 파일 '/GameObject.cpp'을(를) 컴파일하는 중)
  
  Level.cpp
  Level_GameEnd.cpp
  Level_Manager.cpp
  Level_Menu.cpp
C:\Users\kkth3\OneDrive\문서\GitHub\NetworkGameProject\1945모작\1945모작\GameObject.h(39,35): warning C4244: '=': 'ULONGLONG'에서 'DWORD'(으)로 변환하면서 데이터가 손실될 수 있습니다.
  (소스 파일 '/Level_Menu.cpp'을(를) 컴파일하는 중)
  
  MainGame.cpp
C:\Users\kkth3\OneDrive\문서\GitHub\NetworkGameProject\1945모작\1945모작\GameObject.h(39,35): warning C4244: '=': 'ULONGLONG'에서 'DWORD'(으)로 변환하면서 데이터가 손실될 수 있습니다.
  (소스 파일 '/MainGame.cpp'을(를) 컴파일하는 중)
  
C:\Users\kkth3\OneDrive\문서\GitHub\NetworkGameProject\1945모작\1945모작\MainGame.cpp(45,28): warning C4244: '=': 'ULONGLONG'에서 'DWORD'(으)로 변환하면서 데이터가 손실될 수 있습니다.
  (소스 파일 '/MainGame.cpp'을(를) 컴파일하는 중)
  
  컴파일하고 있습니다...
  MyBmp.cpp
  Object_Manager.cpp
C:\Users\kkth3\OneDrive\문서\GitHub\NetworkGameProject\1945모작\1945모작\GameObject.h(39,35): warning C4244: '=': 'ULONGLONG'에서 'DWORD'(으)로 변환하면서 데이터가 손실될 수 있습니다.
  (소스 파일 '/Object_Manager.cpp'을(를) 컴파일하는 중)
  
  Player.cpp
C:\Users\kkth3\OneDrive\문서\GitHub\NetworkGameProject\1945모작\1945모작\GameObject.h(39,35): warning C4244: '=': 'ULONGLONG'에서 'DWORD'(으)로 변환하면서 데이터가 손실될 수 있습니다.
  (소스 파일 '/Player.cpp'을(를) 컴파일하는 중)
  
C:\Users\kkth3\OneDrive\문서\GitHub\NetworkGameProject\1945모작\1945모작\Player.cpp(37,32): warning C4244: '=': 'ULONGLONG'에서 'DWORD'(으)로 변환하면서 데이터가 손실될 수 있습니다.
  (소스 파일 '/Player.cpp'을(를) 컴파일하는 중)
  
C:\Users\kkth3\OneDrive\문서\GitHub\NetworkGameProject\1945모작\1945모작\Player.cpp(79,10): warning C4244: '인수': 'float'에서 'int'(으)로 변환하면서 데이터가 손실될 수 있습니다.
  (소스 파일 '/Player.cpp'을(를) 컴파일하는 중)
  
C:\Users\kkth3\OneDrive\문서\GitHub\NetworkGameProject\1945모작\1945모작\Player.cpp(78,10): warning C4244: '인수': 'float'에서 'int'(으)로 변환하면서 데이터가 손실될 수 있습니다.
  (소스 파일 '/Player.cpp'을(를) 컴파일하는 중)
  
C:\Users\kkth3\OneDrive\문서\GitHub\NetworkGameProject\1945모작\1945모작\Player.cpp(72,19): warning C4244: '인수': 'float'에서 'int'(으)로 변환하면서 데이터가 손실될 수 있습니다.
  (소스 파일 '/Player.cpp'을(를) 컴파일하는 중)
  
C:\Users\kkth3\OneDrive\문서\GitHub\NetworkGameProject\1945모작\1945모작\Player.cpp(71,19): warning C4244: '인수': 'float'에서 'int'(으)로 변환하면서 데이터가 손실될 수 있습니다.
  (소스 파일 '/Player.cpp'을(를) 컴파일하는 중)
  
C:\Users\kkth3\OneDrive\문서\GitHub\NetworkGameProject\1945모작\1945모작\Player.cpp(137,33): warning C4244: '=': 'ULONGLONG'에서 'DWORD'(으)로 변환하면서 데이터가 손실될 수 있습니다.
  (소스 파일 '/Player.cpp'을(를) 컴파일하는 중)
  
  Player_Bullet.cpp
C:\Users\kkth3\OneDrive\문서\GitHub\NetworkGameProject\1945모작\1945모작\GameObject.h(39,35): warning C4244: '=': 'ULONGLONG'에서 'DWORD'(으)로 변환하면서 데이터가 손실될 수 있습니다.
  (소스 파일 '/Player_Bullet.cpp'을(를) 컴파일하는 중)
  
C:\Users\kkth3\OneDrive\문서\GitHub\NetworkGameProject\1945모작\1945모작\Player_Bullet.cpp(77,19): warning C4244: '+=': 'float'에서 'int'(으)로 변환하면서 데이터가 손실될 수 있습니다.
  (소스 파일 '/Player_Bullet.cpp'을(를) 컴파일하는 중)
  
C:\Users\kkth3\OneDrive\문서\GitHub\NetworkGameProject\1945모작\1945모작\Player_Bullet.cpp(83,19): warning C4244: '+=': 'float'에서 'int'(으)로 변환하면서 데이터가 손실될 수 있습니다.
  (소스 파일 '/Player_Bullet.cpp'을(를) 컴파일하는 중)
  
C:\Users\kkth3\OneDrive\문서\GitHub\NetworkGameProject\1945모작\1945모작\Player_Bullet.cpp(90,19): warning C4244: '+=': 'float'에서 'int'(으)로 변환하면서 데이터가 손실될 수 있습니다.
  (소스 파일 '/Player_Bullet.cpp'을(를) 컴파일하는 중)
  
C:\Users\kkth3\OneDrive\문서\GitHub\NetworkGameProject\1945모작\1945모작\Player_Bullet.cpp(96,19): warning C4244: '+=': 'float'에서 'int'(으)로 변환하면서 데이터가 손실될 수 있습니다.
  (소스 파일 '/Player_Bullet.cpp'을(를) 컴파일하는 중)
  
C:\Users\kkth3\OneDrive\문서\GitHub\NetworkGameProject\1945모작\1945모작\Player_Bullet.cpp(102,19): warning C4244: '+=': 'float'에서 'int'(으)로 변환하면서 데이터가 손실될 수 있습니다.
  (소스 파일 '/Player_Bullet.cpp'을(를) 컴파일하는 중)
  
C:\Users\kkth3\OneDrive\문서\GitHub\NetworkGameProject\1945모작\1945모작\Player_Bullet.cpp(129,19): warning C4244: '인수': 'float'에서 'int'(으)로 변환하면서 데이터가 손실될 수 있습니다.
  (소스 파일 '/Player_Bullet.cpp'을(를) 컴파일하는 중)
  
C:\Users\kkth3\OneDrive\문서\GitHub\NetworkGameProject\1945모작\1945모작\Player_Bullet.cpp(128,19): warning C4244: '인수': 'float'에서 'int'(으)로 변환하면서 데이터가 손실될 수 있습니다.
  (소스 파일 '/Player_Bullet.cpp'을(를) 컴파일하는 중)
  
C:\Users\kkth3\OneDrive\문서\GitHub\NetworkGameProject\1945모작\1945모작\Player_Bullet.cpp(151,34): warning C4244: '=': 'ULONGLONG'에서 'DWORD'(으)로 변환하면서 데이터가 손실될 수 있습니다.
  (소스 파일 '/Player_Bullet.cpp'을(를) 컴파일하는 중)
  
  UI.cpp
C:\Users\kkth3\OneDrive\문서\GitHub\NetworkGameProject\1945모작\1945모작\GameObject.h(39,35): warning C4244: '=': 'ULONGLONG'에서 'DWORD'(으)로 변환하면서 데이터가 손실될 수 있습니다.
  (소스 파일 '/UI.cpp'을(를) 컴파일하는 중)
  
  코드를 생성하고 있습니다.
  Previous IPDB was built with incompatible compiler, fall back to full compilation.
C:\Users\kkth3\OneDrive\문서\GitHub\NetworkGameProject\1945모작\1945모작\Object_Manager.h(25): warning C4715: 'CObject_Manager::Get_List': 모든 제어 경로에서 값을 반환하지는 않습니다.
C:\Users\kkth3\OneDrive\문서\GitHub\NetworkGameProject\1945모작\1945모작\Object_Manager.h(20): warning C4715: 'CObject_Manager::Get_Player': 모든 제어 경로에서 값을 반환하지는 않습니다.
  All 463 functions were compiled because no usable IPDB/IOBJ from previous compilation was found.
  코드를 생성했습니다.
  1945모작.vcxproj -> C:\Users\kkth3\OneDrive\문서\GitHub\NetworkGameProject\1945모작\x64\Release\1945모작.exe
